
INFO:root:change 668943 > 4730 and 2027 userid: 1737649749
INFO:aiogram.dispatcher.dispatcher:Stop polling...
WARNING:aiogram:Goodbye!
INFO:aiogram:Bot: CoinLuck Game 🍀 [@coinluck_bot]
INFO:aiogram.dispatcher.dispatcher:Start polling.
ERROR:asyncio:Task exception was never retrieved
future: <Task finished name='Task-16' coro=<Dispatcher._process_polling_updates() done, defined at /home/nail/.local/lib/python3.9/site-packages/aiogram/dispatcher/dispatcher.py:409> exception=AttributeError("'function' object has no attribute 'decode'")>
Traceback (most recent call last):
  File "/home/nail/.local/lib/python3.9/site-packages/aiogram/dispatcher/dispatcher.py", line 417, in _process_polling_updates
    for responses in itertools.chain.from_iterable(await self.process_updates(updates, fast)):
  File "/home/nail/.local/lib/python3.9/site-packages/aiogram/dispatcher/dispatcher.py", line 238, in process_updates
    return await asyncio.gather(*tasks)
  File "/home/nail/.local/lib/python3.9/site-packages/aiogram/dispatcher/handler.py", line 116, in notify
    response = await handler_obj.handler(*args, **partial_data)
  File "/home/nail/.local/lib/python3.9/site-packages/aiogram/dispatcher/dispatcher.py", line 259, in process_update
    return await self.message_handlers.notify(update.message)
  File "/home/nail/.local/lib/python3.9/site-packages/aiogram/dispatcher/handler.py", line 116, in notify
    response = await handler_obj.handler(*args, **partial_data)
  File "/home/nail/oir/main.py", line 940, in upt
    logg = upt.decode()
AttributeError: 'function' object has no attribute 'decode'
INFO:aiogram.dispatcher.dispatcher:Stop polling...
WARNING:aiogram:Goodbye!
INFO:aiogram:Bot: CoinLuck Game 🍀 [@coinluck_bot]
INFO:aiogram.dispatcher.dispatcher:Start polling.
INFO:aiogram.dispatcher.dispatcher:Stop polling...
WARNING:aiogram:Goodbye!
INFO:aiogram:Bot: CoinLuck Game 🍀 [@coinluck_bot]
INFO:aiogram.dispatcher.dispatcher:Start polling.
INFO:aiogram.dispatcher.dispatcher:Stop polling...
WARNING:aiogram:Goodbye!
INFO:aiogram:Bot: CoinLuck Game 🍀 [@coinluck_bot]
INFO:aiogram.dispatcher.dispatcher:Start polling.
INFO:aiogram.dispatcher.dispatcher:Stop polling...
WARNING:aiogram:Goodbye!
INFO:aiogram:Bot: CoinLuck Game 🍀 [@coinluck_bot]
INFO:aiogram.dispatcher.dispatcher:Start polling.
INFO:aiogram.dispatcher.dispatcher:Stop polling...
WARNING:aiogram:Goodbye!
INFO:aiogram:Bot: CoinLuck Game 🍀 [@coinluck_bot]
INFO:aiogram.dispatcher.dispatcher:Start polling.
INFO:aiogram.dispatcher.dispatcher:Stop polling...
WARNING:aiogram:Goodbye!
INFO:aiogram:Bot: CoinLuck Game 🍀 [@coinluck_bot]
INFO:aiogram.dispatcher.dispatcher:Start polling.
INFO:aiogram:Bot: CoinLuck Game 🍀 [@coinluck_bot]
INFO:aiogram.dispatcher.dispatcher:Start polling.
INFO:aiogram.dispatcher.dispatcher:Stop polling...
WARNING:aiogram:Goodbye!
INFO:aiogram:Bot: CoinLuck Game 🍀 [@coinluck_bot]
INFO:aiogram.dispatcher.dispatcher:Start polling.
INFO:root:+ref for 1737649749
INFO:root:new luder: 1896062007
INFO:aiogram.dispatcher.dispatcher:Stop polling...
WARNING:aiogram:Goodbye!
INFO:aiogram:Bot: CoinLuck Game 🍀 [@coinluck_bot]
INFO:aiogram.dispatcher.dispatcher:Start polling.
ERROR:asyncio:Task exception was never retrieved
future: <Task finished name='Task-21' coro=<Dispatcher._process_polling_updates() done, defined at /home/nail/.local/lib/python3.9/site-packages/aiogram/dispatcher/dispatcher.py:409> exception=UnboundLocalError("local variable 'plods' referenced before assignment")>
Traceback (most recent call last):
  File "/home/nail/.local/lib/python3.9/site-packages/aiogram/dispatcher/dispatcher.py", line 417, in _process_polling_updates
    for responses in itertools.chain.from_iterable(await self.process_updates(updates, fast)):
  File "/home/nail/.local/lib/python3.9/site-packages/aiogram/dispatcher/dispatcher.py", line 238, in process_updates
    return await asyncio.gather(*tasks)
  File "/home/nail/.local/lib/python3.9/site-packages/aiogram/dispatcher/handler.py", line 116, in notify
    response = await handler_obj.handler(*args, **partial_data)
  File "/home/nail/.local/lib/python3.9/site-packages/aiogram/dispatcher/dispatcher.py", line 259, in process_update
    return await self.message_handlers.notify(update.message)
  File "/home/nail/.local/lib/python3.9/site-packages/aiogram/dispatcher/handler.py", line 116, in notify
    response = await handler_obj.handler(*args, **partial_data)
  File "/home/nail/oir/main.py", line 264, in mart2
    cursor.execute(f"UPDATE users SET plodd = plodd - {plods} WHERE userid = {message.from_user.id}")
UnboundLocalError: local variable 'plods' referenced before assignment
INFO:aiogram.dispatcher.dispatcher:Stop polling...
WARNING:aiogram:Goodbye!
INFO:aiogram:Bot: CoinLuck Game 🍀 [@coinluck_bot]
INFO:aiogram.dispatcher.dispatcher:Start polling.
INFO:root:change 0 > 31905 userid: 1737649749
INFO:root:change 397292 > 2838 and 1216 userid: 1737649749
INFO:root:change 0 > 1580 userid: 1737649749
INFO:aiogram.dispatcher.dispatcher:Stop polling...
WARNING:aiogram:Goodbye!
INFO:aiogram:Bot: CoinLuck Game 🍀 [@coinluck_bot]
INFO:aiogram.dispatcher.dispatcher:Start polling.
INFO:aiogram.dispatcher.dispatcher:Stop polling...
WARNING:aiogram:Goodbye!
INFO:aiogram:Bot: CoinLuck Game 🍀 [@coinluck_bot]
INFO:aiogram.dispatcher.dispatcher:Start polling.
INFO:root:change 2156 > 16 and 6 userid: 1737649749
INFO:aiogram.dispatcher.dispatcher:Stop polling...
WARNING:aiogram:Goodbye!
INFO:aiogram:Bot: CoinLuck Game 🍀 [@coinluck_bot]
INFO:aiogram.dispatcher.dispatcher:Start polling.
INFO:root:1737649749 bought 🍎 25000
INFO:root:1737649749 bought 🍎 25000
INFO:root:change 2156 > 16 and 6 userid: 1737649749
INFO:root:change 12 > 15 userid: 1737649749
INFO:aiogram.dispatcher.dispatcher:Stop polling...
WARNING:aiogram:Goodbye!
INFO:aiogram:Bot: CoinLuck Game 🍀 [@coinluck_bot]
INFO:aiogram.dispatcher.dispatcher:Start polling.
INFO:aiogram.dispatcher.dispatcher:Stop polling...
WARNING:aiogram:Goodbye!
INFO:aiogram:Bot: CoinLuck Game 🍀 [@coinluck_bot]
INFO:aiogram.dispatcher.dispatcher:Start polling.
INFO:aiogram.dispatcher.dispatcher:Stop polling...
WARNING:aiogram:Goodbye!
INFO:aiogram:Bot: CoinLuck Game 🍀 [@coinluck_bot]
INFO:aiogram.dispatcher.dispatcher:Start polling.
INFO:aiogram.dispatcher.dispatcher:Stop polling...
WARNING:aiogram:Goodbye!
INFO:aiogram:Bot: CoinLuck Game 🍀 [@coinluck_bot]
INFO:aiogram.dispatcher.dispatcher:Start polling.
INFO:aiogram.dispatcher.dispatcher:Stop polling...
WARNING:aiogram:Goodbye!
INFO:aiogram:Bot: CoinLuck Game 🍀 [@coinluck_bot]
INFO:aiogram.dispatcher.dispatcher:Start polling.
INFO:aiogram.dispatcher.dispatcher:Stop polling...
WARNING:aiogram:Goodbye!
INFO:aiogram:Bot: CoinLuck Game 🍀 [@coinluck_bot]
INFO:aiogram.dispatcher.dispatcher:Start polling.
INFO:aiogram.dispatcher.dispatcher:Stop polling...
WARNING:aiogram:Goodbye!
INFO:aiogram:Bot: CoinLuck Game 🍀 [@coinluck_bot]
INFO:aiogram.dispatcher.dispatcher:Start polling.
